Change Component Footprint: Designator=P3 Old Footprint=61300311021 New Footprint=JP3
Change Component Footprint: Designator=P4 Old Footprint=61300311021 New Footprint=JP3
Change Component Footprint: Designator=P5 Old Footprint=61300311021 New Footprint=JP3
Change Component Footprint: Designator=P6 Old Footprint=61300311021 New Footprint=JP3
Change Component Footprint: Designator=P7 Old Footprint=61300311021 New Footprint=JP3
Change Component Footprint: Designator=P8 Old Footprint=61300311021 New Footprint=JP3
Change Component Footprint: Designator=P9 Old Footprint=61300311021 New Footprint=JP3
Change Component Comment : Designator=P3 Old Comment=61300311021 New Comment=Header 3
Change Component Comment : Designator=P4 Old Comment=61300311021 New Comment=Header 3
Change Component Comment : Designator=P5 Old Comment=61300311021 New Comment=Header 3
Change Component Comment : Designator=P6 Old Comment=61300311021 New Comment=Header 3
Change Component Comment : Designator=P7 Old Comment=61300311021 New Comment=Header 3
Change Component Comment : Designator=P8 Old Comment=61300311021 New Comment=Header 3
Change Component Comment : Designator=P9 Old Comment=61300311021 New Comment=Header 3
Change component parameters: Designator = "P3"; Footprint = "JP3"; UniqueID = "\RBEAMYXQ"
Change component parameters. Clean all parameters for all variants
Change component parameters (AddParameter): Name = "LatestRevisionDate"; Value = "17-Jul-2002"; VariantName = "[No Variations]"
Change component parameters (AddParameter): Name = "LatestRevisionNote"; Value = "Re-released for DXP Platform."; VariantName = "[No Variations]"
Change component parameters (AddParameter): Name = "Publisher"; Value = "Altium Limited"; VariantName = "[No Variations]"
Change component parameters: Designator = "P4"; Footprint = "JP3"; UniqueID = "\OLOBMTGA"
Change component parameters. Clean all parameters for all variants
Change component parameters (AddParameter): Name = "LatestRevisionDate"; Value = "17-Jul-2002"; VariantName = "[No Variations]"
Change component parameters (AddParameter): Name = "LatestRevisionNote"; Value = "Re-released for DXP Platform."; VariantName = "[No Variations]"
Change component parameters (AddParameter): Name = "Publisher"; Value = "Altium Limited"; VariantName = "[No Variations]"
Change component parameters: Designator = "P5"; Footprint = "JP3"; UniqueID = "\BBMXJITN"
Change component parameters. Clean all parameters for all variants
Change component parameters (AddParameter): Name = "LatestRevisionDate"; Value = "17-Jul-2002"; VariantName = "[No Variations]"
Change component parameters (AddParameter): Name = "LatestRevisionNote"; Value = "Re-released for DXP Platform."; VariantName = "[No Variations]"
Change component parameters (AddParameter): Name = "Publisher"; Value = "Altium Limited"; VariantName = "[No Variations]"
Change component parameters: Designator = "P6"; Footprint = "JP3"; UniqueID = "\FOYDQJFJ"
Change component parameters. Clean all parameters for all variants
Change component parameters (AddParameter): Name = "LatestRevisionDate"; Value = "17-Jul-2002"; VariantName = "[No Variations]"
Change component parameters (AddParameter): Name = "LatestRevisionNote"; Value = "Re-released for DXP Platform."; VariantName = "[No Variations]"
Change component parameters (AddParameter): Name = "Publisher"; Value = "Altium Limited"; VariantName = "[No Variations]"
Change component parameters: Designator = "P7"; Footprint = "JP3"; UniqueID = "\VABEKMMJ"
Change component parameters. Clean all parameters for all variants
Change component parameters (AddParameter): Name = "LatestRevisionDate"; Value = "17-Jul-2002"; VariantName = "[No Variations]"
Change component parameters (AddParameter): Name = "LatestRevisionNote"; Value = "Re-released for DXP Platform."; VariantName = "[No Variations]"
Change component parameters (AddParameter): Name = "Publisher"; Value = "Altium Limited"; VariantName = "[No Variations]"
Change component parameters: Designator = "P8"; Footprint = "JP3"; UniqueID = "\KCLGDNIN"
Change component parameters. Clean all parameters for all variants
Change component parameters (AddParameter): Name = "LatestRevisionDate"; Value = "17-Jul-2002"; VariantName = "[No Variations]"
Change component parameters (AddParameter): Name = "LatestRevisionNote"; Value = "Re-released for DXP Platform."; VariantName = "[No Variations]"
Change component parameters (AddParameter): Name = "Publisher"; Value = "Altium Limited"; VariantName = "[No Variations]"
Change component parameters: Designator = "P9"; Footprint = "JP3"; UniqueID = "\BPHIUWRC"
Change component parameters. Clean all parameters for all variants
Change component parameters (AddParameter): Name = "LatestRevisionDate"; Value = "17-Jul-2002"; VariantName = "[No Variations]"
Change component parameters (AddParameter): Name = "LatestRevisionNote"; Value = "Re-released for DXP Platform."; VariantName = "[No Variations]"
Change component parameters (AddParameter): Name = "Publisher"; Value = "Altium Limited"; VariantName = "[No Variations]"
Added Room: Name=simple music keyboard
